Release 14.7 - xst P.20131013 (nt64)
Copyright (c) 1995-2013 Xilinx, Inc.  All rights reserved.
--> Parameter TMPDIR set to xst/projnav.tmp


Total REAL time to Xst completion: 0.00 secs
Total CPU time to Xst completion: 0.19 secs
 
--> Parameter xsthdpdir set to xst


Total REAL time to Xst completion: 0.00 secs
Total CPU time to Xst completion: 0.19 secs
 
--> Reading design: AR_CLA_2.prj

TABLE OF CONTENTS
  1) Synthesis Options Summary
  2) HDL Parsing
  3) HDL Elaboration
  4) HDL Synthesis
       4.1) HDL Synthesis Report
  5) Advanced HDL Synthesis
       5.1) Advanced HDL Synthesis Report
  6) Low Level Synthesis
  7) Partition Report
  8) Design Summary
       8.1) Primitive and Black Box Usage
       8.2) Device utilization summary
       8.3) Partition Resource Summary
       8.4) Timing Report
            8.4.1) Clock Information
            8.4.2) Asynchronous Control Signals Information
            8.4.3) Timing Summary
            8.4.4) Timing Details
            8.4.5) Cross Clock Domains Report


=========================================================================
*                      Synthesis Options Summary                        *
=========================================================================
---- Source Parameters
Input File Name                    : "AR_CLA_2.prj"
Ignore Synthesis Constraint File   : NO

---- Target Parameters
Output File Name                   : "AR_CLA_2"
Output Format                      : NGC
Target Device                      : xc7vx330t-3-ffg1157

---- Source Options
Top Module Name                    : AR_CLA_2
Automatic FSM Extraction           : YES
FSM Encoding Algorithm             : Auto
Safe Implementation                : No
FSM Style                          : LUT
RAM Extraction                     : Yes
RAM Style                          : Auto
ROM Extraction                     : Yes
Shift Register Extraction          : YES
ROM Style                          : Auto
Resource Sharing                   : YES
Asynchronous To Synchronous        : NO
Shift Register Minimum Size        : 2
Use DSP Block                      : Auto
Automatic Register Balancing       : No

---- Target Options
LUT Combining                      : Auto
Reduce Control Sets                : Auto
Add IO Buffers                     : YES
Global Maximum Fanout              : 100000
Add Generic Clock Buffer(BUFG)     : 32
Register Duplication               : YES
Optimize Instantiated Primitives   : NO
Use Clock Enable                   : Auto
Use Synchronous Set                : Auto
Use Synchronous Reset              : Auto
Pack IO Registers into IOBs        : Auto
Equivalent register Removal        : YES

---- General Options
Optimization Goal                  : Speed
Optimization Effort                : 1
Power Reduction                    : NO
Keep Hierarchy                     : No
Netlist Hierarchy                  : As_Optimized
RTL Output                         : Yes
Global Optimization                : AllClockNets
Read Cores                         : YES
Write Timing Constraints           : NO
Cross Clock Analysis               : NO
Hierarchy Separator                : /
Bus Delimiter                      : <>
Case Specifier                     : Maintain
Slice Utilization Ratio            : 100
BRAM Utilization Ratio             : 100
DSP48 Utilization Ratio            : 100
Auto BRAM Packing                  : NO
Slice Utilization Ratio Delta      : 5

=========================================================================


=========================================================================
*                          HDL Parsing                                  *
=========================================================================
Analyzing Verilog file "\\server\ymts server vlsi\backup data\2020-2021\PROJECTS\TITLE ID FOLDERS\TVPGTO388, TVPGTO389, TVMATO473. TVMATO474, TVMAFE107, TVPGFE98\SOURCEFILE_YMTS0239\CODE\AccuracyReconfigurable_CLA_Adder\SG_unit2.v" into library work
Parsing module <SG_unit2>.
Analyzing Verilog file "\\server\ymts server vlsi\backup data\2020-2021\PROJECTS\TITLE ID FOLDERS\TVPGTO388, TVPGTO389, TVMATO473. TVMATO474, TVMAFE107, TVPGFE98\SOURCEFILE_YMTS0239\CODE\AccuracyReconfigurable_CLA_Adder\PG_unit2.v" into library work
Parsing module <PG_unit2>.
Analyzing Verilog file "\\server\ymts server vlsi\backup data\2020-2021\PROJECTS\TITLE ID FOLDERS\TVPGTO388, TVPGTO389, TVMATO473. TVMATO474, TVMAFE107, TVPGFE98\SOURCEFILE_YMTS0239\CODE\AccuracyReconfigurable_CLA_Adder\CSL_unit2.v" into library work
Parsing module <CSL_unit2>.
Analyzing Verilog file "\\server\ymts server vlsi\backup data\2020-2021\PROJECTS\TITLE ID FOLDERS\TVPGTO388, TVPGTO389, TVMATO473. TVMATO474, TVMAFE107, TVPGFE98\SOURCEFILE_YMTS0239\CODE\AccuracyReconfigurable_CLA_Adder\CG_unit2.v" into library work
Parsing module <CG_unit2>.
Analyzing Verilog file "\\server\ymts server vlsi\backup data\2020-2021\PROJECTS\TITLE ID FOLDERS\TVPGTO388, TVPGTO389, TVMATO473. TVMATO474, TVMAFE107, TVPGFE98\SOURCEFILE_YMTS0239\CODE\AccuracyReconfigurable_CLA_Adder\Adder_segment_2.v" into library work
Parsing module <Adder_segment_2>.
Analyzing Verilog file "\\server\ymts server vlsi\backup data\2020-2021\PROJECTS\TITLE ID FOLDERS\TVPGTO388, TVPGTO389, TVMATO473. TVMATO474, TVMAFE107, TVPGFE98\SOURCEFILE_YMTS0239\CODE\AccuracyReconfigurable_CLA_Adder\AR_CLA_2.v" into library work
Parsing module <AR_CLA_2>.

=========================================================================
*                            HDL Elaboration                            *
=========================================================================
WARNING:HDLCompiler:1016 - "\\server\ymts server vlsi\backup data\2020-2021\PROJECTS\TITLE ID FOLDERS\TVPGTO388, TVPGTO389, TVMATO473. TVMATO474, TVMAFE107, TVPGFE98\SOURCEFILE_YMTS0239\CODE\AccuracyReconfigurable_CLA_Adder\AR_CLA_2.v" Line 29: Port Cout is not connected to this instance
WARNING:HDLCompiler:1016 - "\\server\ymts server vlsi\backup data\2020-2021\PROJECTS\TITLE ID FOLDERS\TVPGTO388, TVPGTO389, TVMATO473. TVMATO474, TVMAFE107, TVPGFE98\SOURCEFILE_YMTS0239\CODE\AccuracyReconfigurable_CLA_Adder\AR_CLA_2.v" Line 30: Port Cout is not connected to this instance
WARNING:HDLCompiler:1016 - "\\server\ymts server vlsi\backup data\2020-2021\PROJECTS\TITLE ID FOLDERS\TVPGTO388, TVPGTO389, TVMATO473. TVMATO474, TVMAFE107, TVPGFE98\SOURCEFILE_YMTS0239\CODE\AccuracyReconfigurable_CLA_Adder\AR_CLA_2.v" Line 31: Port Cout is not connected to this instance
WARNING:HDLCompiler:1016 - "\\server\ymts server vlsi\backup data\2020-2021\PROJECTS\TITLE ID FOLDERS\TVPGTO388, TVPGTO389, TVMATO473. TVMATO474, TVMAFE107, TVPGFE98\SOURCEFILE_YMTS0239\CODE\AccuracyReconfigurable_CLA_Adder\AR_CLA_2.v" Line 32: Port Cout is not connected to this instance

Elaborating module <AR_CLA_2>.

Elaborating module <Adder_segment_2>.

Elaborating module <PG_unit2>.

Elaborating module <CG_unit2>.

Elaborating module <SG_unit2>.

Elaborating module <CSL_unit2>.

=========================================================================
*                           HDL Synthesis                               *
=========================================================================

Synthesizing Unit <AR_CLA_2>.
    Related source file is "\\server\ymts server vlsi\backup data\2020-2021\PROJECTS\TITLE ID FOLDERS\TVPGTO388, TVPGTO389, TVMATO473. TVMATO474, TVMAFE107, TVPGFE98\SOURCEFILE_YMTS0239\CODE\AccuracyReconfigurable_CLA_Adder\AR_CLA_2.v".
INFO:Xst:3210 - "\\server\ymts server vlsi\backup data\2020-2021\PROJECTS\TITLE ID FOLDERS\TVPGTO388, TVPGTO389, TVMATO473. TVMATO474, TVMAFE107, TVPGFE98\SOURCEFILE_YMTS0239\CODE\AccuracyReconfigurable_CLA_Adder\AR_CLA_2.v" line 29: Output port <Cout> of the instance <q1> is unconnected or connected to loadless signal.
INFO:Xst:3210 - "\\server\ymts server vlsi\backup data\2020-2021\PROJECTS\TITLE ID FOLDERS\TVPGTO388, TVPGTO389, TVMATO473. TVMATO474, TVMAFE107, TVPGFE98\SOURCEFILE_YMTS0239\CODE\AccuracyReconfigurable_CLA_Adder\AR_CLA_2.v" line 30: Output port <Cout> of the instance <q2> is unconnected or connected to loadless signal.
INFO:Xst:3210 - "\\server\ymts server vlsi\backup data\2020-2021\PROJECTS\TITLE ID FOLDERS\TVPGTO388, TVPGTO389, TVMATO473. TVMATO474, TVMAFE107, TVPGFE98\SOURCEFILE_YMTS0239\CODE\AccuracyReconfigurable_CLA_Adder\AR_CLA_2.v" line 31: Output port <Cout> of the instance <q3> is unconnected or connected to loadless signal.
INFO:Xst:3210 - "\\server\ymts server vlsi\backup data\2020-2021\PROJECTS\TITLE ID FOLDERS\TVPGTO388, TVPGTO389, TVMATO473. TVMATO474, TVMAFE107, TVPGFE98\SOURCEFILE_YMTS0239\CODE\AccuracyReconfigurable_CLA_Adder\AR_CLA_2.v" line 32: Output port <Cout> of the instance <q4> is unconnected or connected to loadless signal.
    Summary:
	no macro.
Unit <AR_CLA_2> synthesized.

Synthesizing Unit <Adder_segment_2>.
    Related source file is "\\server\ymts server vlsi\backup data\2020-2021\PROJECTS\TITLE ID FOLDERS\TVPGTO388, TVPGTO389, TVMATO473. TVMATO474, TVMAFE107, TVPGFE98\SOURCEFILE_YMTS0239\CODE\AccuracyReconfigurable_CLA_Adder\Adder_segment_2.v".
    Summary:
	no macro.
Unit <Adder_segment_2> synthesized.

Synthesizing Unit <PG_unit2>.
    Related source file is "\\server\ymts server vlsi\backup data\2020-2021\PROJECTS\TITLE ID FOLDERS\TVPGTO388, TVPGTO389, TVMATO473. TVMATO474, TVMAFE107, TVPGFE98\SOURCEFILE_YMTS0239\CODE\AccuracyReconfigurable_CLA_Adder\PG_unit2.v".
    Summary:
Unit <PG_unit2> synthesized.

Synthesizing Unit <CG_unit2>.
    Related source file is "\\server\ymts server vlsi\backup data\2020-2021\PROJECTS\TITLE ID FOLDERS\TVPGTO388, TVPGTO389, TVMATO473. TVMATO474, TVMAFE107, TVPGFE98\SOURCEFILE_YMTS0239\CODE\AccuracyReconfigurable_CLA_Adder\CG_unit2.v".
    Summary:
	no macro.
Unit <CG_unit2> synthesized.

Synthesizing Unit <SG_unit2>.
    Related source file is "\\server\ymts server vlsi\backup data\2020-2021\PROJECTS\TITLE ID FOLDERS\TVPGTO388, TVPGTO389, TVMATO473. TVMATO474, TVMAFE107, TVPGFE98\SOURCEFILE_YMTS0239\CODE\AccuracyReconfigurable_CLA_Adder\SG_unit2.v".
    Summary:
Unit <SG_unit2> synthesized.

Synthesizing Unit <CSL_unit2>.
    Related source file is "\\server\ymts server vlsi\backup data\2020-2021\PROJECTS\TITLE ID FOLDERS\TVPGTO388, TVPGTO389, TVMATO473. TVMATO474, TVMAFE107, TVPGFE98\SOURCEFILE_YMTS0239\CODE\AccuracyReconfigurable_CLA_Adder\CSL_unit2.v".
    Summary:
	no macro.
Unit <CSL_unit2> synthesized.

=========================================================================
HDL Synthesis Report

Macro Statistics
# Xors                                                 : 24
 1-bit xor2                                            : 16
 2-bit xor2                                            : 8

=========================================================================

=========================================================================
*                       Advanced HDL Synthesis                          *
=========================================================================

WARNING:Xst:1290 - Hierarchical block <w4> is unconnected in block <q1>.
   It will be removed from the design.
WARNING:Xst:1290 - Hierarchical block <w4> is unconnected in block <q2>.
   It will be removed from the design.
WARNING:Xst:1290 - Hierarchical block <w4> is unconnected in block <q3>.
   It will be removed from the design.
WARNING:Xst:1290 - Hierarchical block <w4> is unconnected in block <q4>.
   It will be removed from the design.

=========================================================================
Advanced HDL Synthesis Report

Macro Statistics
# Xors                                                 : 24
 1-bit xor2                                            : 16
 2-bit xor2                                            : 8

=========================================================================

=========================================================================
*                         Low Level Synthesis                           *
=========================================================================

Optimizing unit <AR_CLA_2> ...

Mapping all equations...
Building and optimizing final netlist ...
Found area constraint ratio of 100 (+ 5) on block AR_CLA_2, actual ratio is 0.

Final Macro Processing ...

=========================================================================
Final Register Report

Found no macro
=========================================================================

=========================================================================
*                           Partition Report                            *
=========================================================================

Partition Implementation Status
-------------------------------

  No Partitions were found in this design.

-------------------------------

=========================================================================
*                            Design Summary                             *
=========================================================================

Top Level Output File Name         : AR_CLA_2.ngc

Primitive and Black Box Usage:
------------------------------
# BELS                             : 46
#      LUT2                        : 9
#      LUT3                        : 5
#      LUT4                        : 11
#      LUT5                        : 6
#      LUT6                        : 15
# IO Buffers                       : 57
#      IBUF                        : 33
#      OBUF                        : 24

Device utilization summary:
---------------------------

Selected Device : 7vx330tffg1157-3 


Slice Logic Utilization: 
 Number of Slice LUTs:                   46  out of  204000     0%  
    Number used as Logic:                46  out of  204000     0%  

Slice Logic Distribution: 
 Number of LUT Flip Flop pairs used:     46
   Number with an unused Flip Flop:      46  out of     46   100%  
   Number with an unused LUT:             0  out of     46     0%  
   Number of fully used LUT-FF pairs:     0  out of     46     0%  
   Number of unique control sets:         0

IO Utilization: 
 Number of IOs:                          58
 Number of bonded IOBs:                  57  out of    600     9%  

Specific Feature Utilization:

---------------------------
Partition Resource Summary:
---------------------------

  No Partitions were found in this design.

---------------------------


=========================================================================
Timing Report

NOTE: THESE TIMING NUMBERS ARE ONLY A SYNTHESIS ESTIMATE.
      FOR ACCURATE TIMING INFORMATION PLEASE REFER TO THE TRACE REPORT
      GENERATED AFTER PLACE-and-ROUTE.

Clock Information:
------------------
No clock signals found in this design

Asynchronous Control Signals Information:
----------------------------------------
No asynchronous control signals found in this design

Timing Summary:
---------------
Speed Grade: -3

   Minimum period: No path found
   Minimum input arrival time before clock: No path found
   Maximum output required time after clock: No path found
   Maximum combinational path delay: 2.669ns

Timing Details:
---------------
All values displayed in nanoseconds (ns)

=========================================================================
Timing constraint: Default path analysis
  Total number of paths / destination ports: 511 / 24
-------------------------------------------------------------------------
Delay:               2.669ns (Levels of Logic = 7)
  Source:            x<9> (PAD)
  Destination:       sum<13> (PAD)

  Data Path: x<9> to sum<13>
                                Gate     Net
    Cell:in->out      fanout   Delay   Delay  Logical Name (Net Name)
    ----------------------------------------  ------------
     IBUF:I->O             3   0.000   0.466  x_9_IBUF (x_9_IBUF)
     LUT4:I0->O            3   0.043   0.299  q3/w2/k[1]_g[1]_AND_5_o1 (q3/w2/k[1]_g[1]_AND_5_o)
     LUT5:I4->O            4   0.043   0.564  q3/w2/cout<1><3>1 (cout_5_OBUF)
     LUT6:I0->O            3   0.043   0.299  q3/w2/k[16]_k[11]_AND_13_o1 (q3/w2/k[16]_k[11]_AND_13_o)
     LUT4:I3->O            2   0.043   0.546  q4/w2/k<15>1 (q4/w2/k<15>)
     LUT5:I0->O            1   0.043   0.279  q4/w3/Mxor_sum<1>_xo<0>1 (sum_13_OBUF)
     OBUF:I->O                 0.000          sum_13_OBUF (sum<13>)
    ----------------------------------------
    Total                      2.669ns (0.215ns logic, 2.454ns route)
                                       (8.1% logic, 91.9% route)

=========================================================================

Cross Clock Domains Report:
--------------------------

=========================================================================


Total REAL time to Xst completion: 19.00 secs
Total CPU time to Xst completion: 19.00 secs
 
--> 

Total memory usage is 447244 kilobytes

Number of errors   :    0 (   0 filtered)
Number of warnings :    8 (   0 filtered)
Number of infos    :    4 (   0 filtered)

